<?xml version="1.0" encoding="UTF-8"?>
<testng-results skipped="0" failed="0" total="2" passed="2">
  <reporter-output>
  </reporter-output>
  <suite name="AgileTest" duration-ms="18577" started-at="2021-12-09T09:58:32Z" finished-at="2021-12-09T09:58:51Z">
    <groups>
    </groups>
    <test name="AgileProject Test" duration-ms="18577" started-at="2021-12-09T09:58:32Z" finished-at="2021-12-09T09:58:51Z">
      <class name="com.StepDefination.TC_AgileProject_001">
        <test-method status="PASS" signature="setUp(java.lang.String)[pri:0, instance:com.StepDefination.TC_AgileProject_001@2758fe70]" name="setUp" is-config="true" duration-ms="12141" started-at="2021-12-09T15:28:33Z" finished-at="2021-12-09T15:28:45Z">
          <params>
            <param index="0">
              <value>
                <![CDATA[chrome]]>
              </value>
            </param>
          </params>
          <reporter-output>
          </reporter-output>
        </test-method> <!-- setUp -->
        <test-method status="PASS" signature="LoginTest()[pri:0, instance:com.StepDefination.TC_AgileProject_001@2758fe70]" name="LoginTest" duration-ms="5469" started-at="2021-12-09T15:28:45Z" finished-at="2021-12-09T15:28:51Z">
          <reporter-output>
          </reporter-output>
        </test-method> <!-- LoginTest -->
        <test-method status="PASS" signature="tearDown()[pri:0, instance:com.StepDefination.TC_AgileProject_001@2758fe70]" name="tearDown" is-config="true" duration-ms="141" started-at="2021-12-09T15:28:51Z" finished-at="2021-12-09T15:28:51Z">
          <reporter-output>
          </reporter-output>
        </test-method> <!-- tearDown -->
        <test-method status="PASS" signature="m1()[pri:0, instance:com.StepDefination.TC_AgileProject_001@2758fe70]" name="m1" duration-ms="0" started-at="2021-12-09T15:28:51Z" finished-at="2021-12-09T15:28:51Z">
          <reporter-output>
          </reporter-output>
        </test-method> <!-- m1 -->
      </class> <!-- com.StepDefination.TC_AgileProject_001 -->
    </test> <!-- AgileProject Test -->
  </suite> <!-- AgileTest -->
</testng-results>
