<?xml version="1.0" encoding="UTF-8"?>
<testsuite xmlns:xsi="http://www.w3.org/2001/XMLSchema-instance" xsi:noNamespaceSchemaLocation="https://maven.apache.org/surefire/maven-surefire-plugin/xsd/surefire-test-report-3.0.xsd" version="3.0" name="TestSuite" time="20.513" tests="2" errors="0" skipped="0" failures="0">
  <properties>
[...]
</properties>
  <testcase name="LoginTest" classname="com.StepDefination.TC_AgileProject_001" time="5.456">
    <system-out><![CDATA[12-09-2021 15:28:45 WebIteractableUtils.java INFO  [main] TesNg 48 - Url launch successfully
----------Test is started--------------
12-09-2021 15:28:48 TC_AgileProject_001.java INFO  [main] TesNg 22 - Agile project is enabled and displayed
12-09-2021 15:28:48 TC_AgileProject_001.java INFO  [main] TesNg 31 - User entered username
12-09-2021 15:28:48 TC_AgileProject_001.java INFO  [main] TesNg 33 - User entered password
12-09-2021 15:28:51 TC_AgileProject_001.java INFO  [main] TesNg 36 - User logged successfully
12-09-2021 15:28:51 TC_AgileProject_001.java INFO  [main] TesNg 39 - Login Test Passed
]]></system-out>
    <system-err><![CDATA[log4j:ERROR Could not find value for key log4j.appender.CONSOLE
log4j:ERROR Could not instantiate appender named "CONSOLE".
Starting ChromeDriver 95.0.4638.54 (d31a821ec901f68d0d34ccdbaea45b4c86ce543e-refs/branch-heads/4638@{#871}) on port 45500
Only local connections are allowed.
Please see https://chromedriver.chromium.org/security-considerations for suggestions on keeping ChromeDriver safe.
ChromeDriver was started successfully.
[1639043917.376][WARNING]: This version of ChromeDriver has not been tested with Chrome version 96.
Dec 09, 2021 3:28:38 PM org.openqa.selenium.remote.ProtocolHandshake createSession
INFO: Detected dialect: W3C
]]></system-err>
  </testcase>
  <testcase name="m1" classname="com.StepDefination.TC_AgileProject_001" time="0">
    <system-out><![CDATA[-----Test Succeed-------
----------Test is started--------------
method m1
]]></system-out>
  </testcase>
</testsuite>