<?xml version="1.0" encoding="UTF-8"?>
<testng-results skipped="0" failed="0" total="2" passed="2">
  <reporter-output>
  </reporter-output>
  <suite name="AgileTest" duration-ms="21724" started-at="2021-12-09T06:59:03Z" finished-at="2021-12-09T06:59:24Z">
    <groups>
    </groups>
    <test name="AgileProject Test" duration-ms="21724" started-at="2021-12-09T06:59:03Z" finished-at="2021-12-09T06:59:24Z">
      <class name="com.StepDefination.TC_AgileProject_001">
        <test-method status="PASS" signature="setUp(java.lang.String)[pri:0, instance:com.StepDefination.TC_AgileProject_001@7a187f14]" name="setUp" is-config="true" duration-ms="17642" started-at="2021-12-09T12:29:03Z" finished-at="2021-12-09T12:29:21Z">
          <params>
            <param index="0">
              <value>
                <![CDATA[chrome]]>
              </value>
            </param>
          </params>
          <reporter-output>
          </reporter-output>
        </test-method> <!-- setUp -->
        <test-method status="PASS" signature="LoginTest()[pri:0, instance:com.StepDefination.TC_AgileProject_001@7a187f14]" name="LoginTest" duration-ms="3170" started-at="2021-12-09T12:29:21Z" finished-at="2021-12-09T12:29:24Z">
          <reporter-output>
          </reporter-output>
        </test-method> <!-- LoginTest -->
        <test-method status="PASS" signature="m1()[pri:0, instance:com.StepDefination.TC_AgileProject_001@7a187f14]" name="m1" duration-ms="0" started-at="2021-12-09T12:29:24Z" finished-at="2021-12-09T12:29:24Z">
          <reporter-output>
          </reporter-output>
        </test-method> <!-- m1 -->
        <test-method status="PASS" signature="tearDown()[pri:0, instance:com.StepDefination.TC_AgileProject_001@7a187f14]" name="tearDown" is-config="true" duration-ms="245" started-at="2021-12-09T12:29:24Z" finished-at="2021-12-09T12:29:24Z">
          <reporter-output>
          </reporter-output>
        </test-method> <!-- tearDown -->
      </class> <!-- com.StepDefination.TC_AgileProject_001 -->
    </test> <!-- AgileProject Test -->
  </suite> <!-- AgileTest -->
</testng-results>
